e:\networking\source\wip\debug\animation.obj
e:\networking\source\wip\debug\player.obj
e:\networking\source\wip\debug\audiomanager.obj
e:\networking\source\wip\debug\musicobject.obj
e:\networking\source\wip\debug\game.obj
e:\networking\source\wip\debug\ball.obj
e:\networking\source\wip\debug\sound.obj
e:\networking\source\wip\debug\boss.obj
e:\networking\source\wip\debug\staticsprite.obj
e:\networking\source\wip\debug\input.obj
e:\networking\source\wip\debug\menu.obj
e:\networking\source\wip\debug\main.obj
e:\networking\source\wip\debug\coin.obj
e:\networking\source\wip\debug\sprite.obj
e:\networking\source\wip\debug\animatedsprite.obj
e:\networking\source\wip\debug\crystalbomb.obj
e:\networking\source\wip\debug\predictor.obj
e:\networking\source\wip\debug\vc141.pdb
e:\networking\source\wip\debug\vc141.idb
e:\networking\source\debug\wip.exe
e:\networking\source\debug\wip.ilk
e:\networking\source\debug\wip.pdb
e:\networking\source\debug\wip.lib
e:\networking\source\debug\wip.exp
e:\networking\source\wip\debug\wip.tlog\cl.command.1.tlog
e:\networking\source\wip\debug\wip.tlog\cl.read.1.tlog
e:\networking\source\wip\debug\wip.tlog\cl.write.1.tlog
e:\networking\source\wip\debug\wip.tlog\link.command.1.tlog
e:\networking\source\wip\debug\wip.tlog\link.delete.1.tlog
e:\networking\source\wip\debug\wip.tlog\link.read.1.tlog
e:\networking\source\wip\debug\wip.tlog\link.write.1.tlog
e:\networking\source\wip\debug\wip.tlog\wip.write.1u.tlog
