  AnimatedSprite.cpp
  Animation.cpp
  AudioManager.cpp
  Ball.cpp
f:\networking\source\wip\audiomanager.cpp(27): warning C4018: '<': signed/unsigned mismatch
f:\networking\source\wip\audiomanager.cpp(40): warning C4018: '<': signed/unsigned mismatch
f:\networking\source\wip\audiomanager.cpp(57): warning C4018: '<': signed/unsigned mismatch
f:\networking\source\wip\animatedsprite.cpp(21): warning C4018: '>': signed/unsigned mismatch
  Coin.cpp
  Menu.cpp
  MusicObject.cpp
  Boss.cpp
f:\networking\source\wip\boss.cpp(102): warning C4244: 'argument': conversion from 'double' to 'float', possible loss of data
  crystalBomb.cpp
  Predictor.cpp
  Sound.cpp
f:\networking\source\wip\predictor.cpp(46): warning C4244: 'return': conversion from 'double' to 'float', possible loss of data
  Game.cpp
  Input.cpp
  Player.cpp
  main.cpp
  Sprite.cpp
f:\networking\source\wip\player.h(23): warning C4244: 'initializing': conversion from 'float' to 'const int', possible loss of data (compiling source file Player.cpp)
f:\networking\source\wip\player.h(24): warning C4244: 'initializing': conversion from 'float' to 'int', possible loss of data (compiling source file Player.cpp)
f:\networking\source\wip\player.cpp(79): warning C4244: 'argument': conversion from 'int' to 'T', possible loss of data
          with
          [
              T=float
          ]
f:\networking\source\wip\player.cpp(89): warning C4305: '=': truncation from 'double' to 'float'
f:\networking\source\wip\player.cpp(314): warning C4244: '-=': conversion from 'float' to 'int', possible loss of data
f:\networking\source\wip\player.cpp(320): warning C4244: '=': conversion from 'float' to 'int', possible loss of data
f:\networking\source\wip\player.h(23): warning C4244: 'initializing': conversion from 'float' to 'const int', possible loss of data (compiling source file Game.cpp)
  StaticSprite.cpp
f:\networking\source\wip\player.h(24): warning C4244: 'initializing': conversion from 'float' to 'int', possible loss of data (compiling source file Game.cpp)
f:\networking\source\wip\game.cpp(21): warning C4305: 'argument': truncation from 'double' to 'float'
f:\networking\source\wip\game.cpp(30): warning C4305: 'argument': truncation from 'double' to 'float'
f:\networking\source\wip\game.cpp(104): warning C4018: '<': signed/unsigned mismatch
f:\networking\source\wip\player.h(23): warning C4244: 'initializing': conversion from 'float' to 'const int', possible loss of data (compiling source file main.cpp)
f:\networking\source\wip\player.h(24): warning C4244: 'initializing': conversion from 'float' to 'int', possible loss of data (compiling source file main.cpp)
f:\networking\source\wip\main.cpp(20): warning C4244: 'argument': conversion from 'time_t' to 'unsigned int', possible loss of data
f:\networking\source\wip\main.cpp(41): warning C4244: 'argument': conversion from 'unsigned int' to 'T', possible loss of data
          with
          [
              T=float
          ]
f:\networking\source\wip\main.cpp(27): warning C4101: 'isServer': unreferenced local variable
f:\networking\source\wip\game.cpp(634): warning C4715: 'Game::IntrepretIntToMovement': not all control paths return a value
f:\networking\source\wip\game.cpp(590): warning C4715: 'Game::IntrepretMovement': not all control paths return a value
  WIP.vcxproj -> F:\Networking\SOURCE\Debug\WIP.exe
